<?xml version="1.0" encoding="UTF-8"?>
<!-- Generated by org.testng.reporters.JUnitXMLReporter -->
<testsuite ignored="0" hostname="DESKTOP-L0NOLEM" failures="1" tests="1" name="Default test(failed)" time="0.71" errors="0" timestamp="2023-07-28T23:00:22 IST">
  <testcase classname="io.cucumber.testng.AbstractTestNGCucumberTests" name="runScenario" time="0.206">
    <failure type="io.cucumber.java.PendingException" message="TODO: implement me">
      <![CDATA[io.cucumber.java.PendingException: TODO: implement me
at stepDefinations.GreenCartstepDefination.user_is_on_the_greenkart_homepage(GreenCartstepDefination.java:12)
at ✽.user is on the Greenkart homepage(file:///E:/New%20Sandipan/eclipse-workspace-BBD/Cucumberframework/src/test/java/features/SerachProduct.feature:6)
]]>
    </failure>
  </testcase> <!-- runScenario -->
</testsuite> <!-- Default test(failed) -->
