<?xml version="1.0" encoding="UTF-8"?>
<!-- Generated by org.testng.reporters.JUnitReportReporter -->
<testsuite hostname="INBOOK_X2_PLUS" failures="1" tests="1" name="cucumberOptions.ReRunTestNGRunner" time="21.437" errors="0" timestamp="2023-07-30T00:49:58 IST" skipped="0">
  <testcase classname="cucumberOptions.ReRunTestNGRunner" name="runScenario" time="21.437">
    <failure message="expected [Beetroot] but found [No data]" type="java.lang.AssertionError">
      <![CDATA[java.lang.AssertionError: expected [Beetroot] but found [No data]
at org.testng.Assert.fail(Assert.java:111)
at org.testng.Assert.failNotEquals(Assert.java:1578)
at org.testng.Assert.assertEqualsImpl(Assert.java:150)
at org.testng.Assert.assertEquals(Assert.java:132)
at org.testng.Assert.assertEquals(Assert.java:656)
at org.testng.Assert.assertEquals(Assert.java:666)
at stepDefinations.DealsPagestepDefination.validate_product_name_in_homepage_and_deals_page_are_same(DealsPagestepDefination.java:47)
at ✽.validate product name in Homepage and Deals page are same(file:///C:/Users/susha/eclipse-workspace/CucumberFramework/src/test/java/features/SearchProduct.feature:9)
]]>
    </failure>
  </testcase> <!-- runScenario -->
</testsuite> <!-- cucumberOptions.ReRunTestNGRunner -->
