<?xml version="1.0" encoding="UTF-8"?>
<!-- Generated by org.testng.reporters.JUnitReportReporter -->
<testsuite hostname="DESKTOP-L0NOLEM" failures="1" tests="3" name="cucumberOptions.TestNGRunner" time="113.255" errors="0" timestamp="2023-07-29T21:51:59 IST" skipped="0">
  <testcase classname="cucumberOptions.TestNGRunner" name="runScenario" time="38.097"/>
  <testcase classname="cucumberOptions.TestNGRunner" name="runScenario" time="37.526"/>
  <testcase classname="cucumberOptions.TestNGRunner" name="runScenario" time="37.632">
    <failure message="expected [Beetroot] but found [No data]" type="java.lang.AssertionError">
      <![CDATA[java.lang.AssertionError: expected [Beetroot] but found [No data]
at org.testng.Assert.fail(Assert.java:111)
at org.testng.Assert.failNotEquals(Assert.java:1578)
at org.testng.Assert.assertEqualsImpl(Assert.java:150)
at org.testng.Assert.assertEquals(Assert.java:132)
at org.testng.Assert.assertEquals(Assert.java:656)
at org.testng.Assert.assertEquals(Assert.java:666)
at stepDefinations.DealsPagestepDefination.validate_product_name_in_homepage_and_deals_page_are_same(DealsPagestepDefination.java:47)
at ✽.validate product name in Homepage and Deals page are same(file:///E:/New%20Sandipan/eclipse-workspace-BBD/Cucumberframework/src/test/java/features/SerachProduct.feature:9)
]]>
    </failure>
  </testcase> <!-- runScenario -->
</testsuite> <!-- cucumberOptions.TestNGRunner -->
